<?xml version="1.0" encoding="UTF-8"?>
<!-- Generated by org.testng.reporters.JUnitReportReporter -->
<testsuite hostname="Sabah" failures="0" tests="1" name="com.neotech.testcases.Annotations" time="0.007" errors="0" timestamp="2023-10-21T12:50:05 EDT" skipped="0">
  <testcase classname="com.neotech.testcases.Annotations" name="test1" time="0.007"/>
</testsuite> <!-- com.neotech.testcases.Annotations -->
