<?xml version="1.0" encoding="UTF-8"?>
<!-- Generated by org.testng.reporters.JUnitReportReporter -->
<testsuite hostname="ulker" failures="0" tests="1" name="com.neotech.testcases.LoginTest" time="10.193" errors="0" timestamp="2023-10-19T19:46:49 EDT" skipped="0">
  <testcase classname="com.neotech.testcases.LoginTest" name="validLogin" time="10.193"/>
</testsuite> <!-- com.neotech.testcases.LoginTest -->
