<?xml version="1.0" encoding="UTF-8"?>
<!-- Generated by org.testng.reporters.JUnitReportReporter -->
<testsuite hostname="Ahmets-MacBook-Pro.local" failures="0" tests="2" name="com.neotech.testcases.GroupDemo" time="0.015" errors="0" timestamp="2023-10-22T17:41:17 EDT" skipped="0">
  <testcase classname="com.neotech.testcases.GroupDemo" name="test2" time="0.003"/>
  <testcase classname="com.neotech.testcases.GroupDemo" name="test1" time="0.012"/>
</testsuite> <!-- com.neotech.testcases.GroupDemo -->
